<?xml version="1.0" encoding="UTF-8"?>
<testng-results ignored="0" total="1" passed="1" failed="0" skipped="0">
  <reporter-output>
  </reporter-output>
  <suite started-at="2025-09-08T01:58:23 IST" name="Command line suite" finished-at="2025-09-08T01:58:32 IST" duration-ms="8400">
    <groups>
    </groups>
    <test started-at="2025-09-08T01:58:23 IST" name="Command line test" finished-at="2025-09-08T01:58:32 IST" duration-ms="8400">
      <class name="co.Slenium.rahulshetty.RahulShettyDemo11Test">
        <test-method signature="test111()[pri:0, instance:co.Slenium.rahulshetty.RahulShettyDemo11Test@4ae3c1cd]" started-at="2025-09-08T01:58:23 IST" name="test111" finished-at="2025-09-08T01:58:32 IST" duration-ms="8336" status="PASS">
          <reporter-output>
          </reporter-output>
        </test-method> <!-- test111 -->
      </class> <!-- co.Slenium.rahulshetty.RahulShettyDemo11Test -->
    </test> <!-- Command line test -->
  </suite> <!-- Command line suite -->
</testng-results>
